<?xml version="1.0" encoding="UTF-8" standalone="no"?>
<!DOCTYPE log SYSTEM "logger.dtd">
<log>
<record>
  <date>2023-05-09T23:06:14.422-0300</date>
  <logger>LEVI DE LIMA PEREIRA JUNIOR</logger>
  <level>FINE</level>
  <message>File 121210472-LEVI DE LIMA PEREIRA JUNIOR.zip was received. It was sent by LEVI DE LIMA PEREIRA JUNIOR from IP 10.0.0.181 at 09-05-2023 23*06*13</message>
</record>
</log>
<?xml version="1.0" encoding="UTF-8" standalone="no"?>
<!DOCTYPE log SYSTEM "logger.dtd">
<log>
<record>
  <date>2023-05-09T23:06:59.718-0300</date>
  <logger>LEVI DE LIMA PEREIRA JUNIOR</logger>
  <level>FINE</level>
  <message>File 121210472-LEVI DE LIMA PEREIRA JUNIOR.zip was received. It was sent by LEVI DE LIMA PEREIRA JUNIOR from IP 10.0.0.181 at 09-05-2023 23*06*59</message>
</record>
</log>
<?xml version="1.0" encoding="UTF-8" standalone="no"?>
<!DOCTYPE log SYSTEM "logger.dtd">
<log>
<record>
  <date>2023-05-12T02:57:58.505-0300</date>
  <logger>LEVI DE LIMA PEREIRA JUNIOR</logger>
  <level>FINE</level>
  <message>File 121210472-LEVI DE LIMA PEREIRA JUNIOR.zip was received. It was sent by LEVI DE LIMA PEREIRA JUNIOR from IP 10.0.0.181 at 12-05-2023 02*57*58</message>
</record>
</log>
<?xml version="1.0" encoding="UTF-8" standalone="no"?>
<!DOCTYPE log SYSTEM "logger.dtd">
<log>
<record>
  <date>2023-05-12T02:58:17.685-0300</date>
  <logger>LEVI DE LIMA PEREIRA JUNIOR</logger>
  <level>FINE</level>
  <message>File 121210472-LEVI DE LIMA PEREIRA JUNIOR.zip was received. It was sent by LEVI DE LIMA PEREIRA JUNIOR from IP 10.0.0.181 at 12-05-2023 02*58*17</message>
</record>
