<?xml version="1.0" encoding="UTF-8" standalone="no"?>
<!DOCTYPE log SYSTEM "logger.dtd">
<log>
<record>
  <date>2023-06-15T16:27:10.926-0300</date>
  <logger>LEVI DE LIMA PEREIRA JUNIOR</logger>
  <level>FINE</level>
  <message>File 121210472-LEVI DE LIMA PEREIRA JUNIOR.zip was received. It was sent by LEVI DE LIMA PEREIRA JUNIOR from IP 10.0.0.181 at 15-06-2023 16*27*10</message>
</record>
</log>
<?xml version="1.0" encoding="UTF-8" standalone="no"?>
<!DOCTYPE log SYSTEM "logger.dtd">
<log>
<record>
  <date>2023-06-15T16:27:27.432-0300</date>
  <logger>LEVI DE LIMA PEREIRA JUNIOR</logger>
  <level>FINE</level>
  <message>File 121210472-LEVI DE LIMA PEREIRA JUNIOR.zip was received. It was sent by LEVI DE LIMA PEREIRA JUNIOR from IP 10.0.0.181 at 15-06-2023 16*27*27</message>
</record>
</log>
<?xml version="1.0" encoding="UTF-8" standalone="no"?>
<!DOCTYPE log SYSTEM "logger.dtd">
<log>
<record>
  <date>2023-06-15T23:21:13.902-0300</date>
  <logger>LEVI DE LIMA PEREIRA JUNIOR</logger>
  <level>FINE</level>
  <message>File 121210472-LEVI DE LIMA PEREIRA JUNIOR.zip was received. It was sent by LEVI DE LIMA PEREIRA JUNIOR from IP 10.0.0.181 at 15-06-2023 23*21*13</message>
</record>
</log>
<?xml version="1.0" encoding="UTF-8" standalone="no"?>
<!DOCTYPE log SYSTEM "logger.dtd">
<log>
<record>
  <date>2023-06-15T23:21:34.352-0300</date>
  <logger>LEVI DE LIMA PEREIRA JUNIOR</logger>
  <level>FINE</level>
  <message>File 121210472-LEVI DE LIMA PEREIRA JUNIOR.zip was received. It was sent by LEVI DE LIMA PEREIRA JUNIOR from IP 10.0.0.181 at 15-06-2023 23*21*34</message>
</record>
</log>
<?xml version="1.0" encoding="UTF-8" standalone="no"?>
<!DOCTYPE log SYSTEM "logger.dtd">
<log>
<record>
  <date>2023-06-15T23:21:52.284-0300</date>
  <logger>LEVI DE LIMA PEREIRA JUNIOR</logger>
  <level>FINE</level>
  <message>File 121210472-LEVI DE LIMA PEREIRA JUNIOR.zip was received. It was sent by LEVI DE LIMA PEREIRA JUNIOR from IP 10.0.0.181 at 15-06-2023 23*21*52</message>
</record>
</log>
<?xml version="1.0" encoding="UTF-8" standalone="no"?>
<!DOCTYPE log SYSTEM "logger.dtd">
<log>
<record>
  <date>2023-06-15T23:22:08.034-0300</date>
  <logger>LEVI DE LIMA PEREIRA JUNIOR</logger>
  <level>FINE</level>
  <message>File 121210472-LEVI DE LIMA PEREIRA JUNIOR.zip was received. It was sent by LEVI DE LIMA PEREIRA JUNIOR from IP 10.0.0.181 at 15-06-2023 23*22*08</message>
</record>
</log>
<?xml version="1.0" encoding="UTF-8" standalone="no"?>
<!DOCTYPE log SYSTEM "logger.dtd">
<log>
<record>
  <date>2023-06-15T23:22:22.893-0300</date>
  <logger>LEVI DE LIMA PEREIRA JUNIOR</logger>
  <level>FINE</level>
  <message>File 121210472-LEVI DE LIMA PEREIRA JUNIOR.zip was received. It was sent by LEVI DE LIMA PEREIRA JUNIOR from IP 10.0.0.181 at 15-06-2023 23*22*22</message>
</record>
</log>
<?xml version="1.0" encoding="UTF-8" standalone="no"?>
<!DOCTYPE log SYSTEM "logger.dtd">
<log>
<record>
  <date>2023-06-15T23:22:41.368-0300</date>
  <logger>LEVI DE LIMA PEREIRA JUNIOR</logger>
  <level>FINE</level>
  <message>File 121210472-LEVI DE LIMA PEREIRA JUNIOR.zip was received. It was sent by LEVI DE LIMA PEREIRA JUNIOR from IP 10.0.0.181 at 15-06-2023 23*22*41</message>
</record>
</log>
<?xml version="1.0" encoding="UTF-8" standalone="no"?>
<!DOCTYPE log SYSTEM "logger.dtd">
<log>
<record>
  <date>2023-06-15T23:23:07.736-0300</date>
  <logger>LEVI DE LIMA PEREIRA JUNIOR</logger>
  <level>FINE</level>
  <message>File 121210472-LEVI DE LIMA PEREIRA JUNIOR.zip was received. It was sent by LEVI DE LIMA PEREIRA JUNIOR from IP 10.0.0.181 at 15-06-2023 23*23*07</message>
</record>
</log>
<?xml version="1.0" encoding="UTF-8" standalone="no"?>
<!DOCTYPE log SYSTEM "logger.dtd">
<log>
<record>
  <date>2023-06-15T23:23:24.177-0300</date>
  <logger>LEVI DE LIMA PEREIRA JUNIOR</logger>
  <level>FINE</level>
  <message>File 121210472-LEVI DE LIMA PEREIRA JUNIOR.zip was received. It was sent by LEVI DE LIMA PEREIRA JUNIOR from IP 10.0.0.181 at 15-06-2023 23*23*24</message>
</record>
