<?xml version="1.0" encoding="UTF-8" standalone="no"?>
<!DOCTYPE log SYSTEM "logger.dtd">
<log>
<record>
  <date>2023-06-05T21:03:07.823-0300</date>
  <logger>LEVI DE LIMA PEREIRA JUNIOR</logger>
  <level>FINE</level>
  <message>File 121210472-LEVI DE LIMA PEREIRA JUNIOR.zip was received. It was sent by LEVI DE LIMA PEREIRA JUNIOR from IP 10.0.0.181 at 05-06-2023 21*03*07</message>
</record>
</log>
<?xml version="1.0" encoding="UTF-8" standalone="no"?>
<!DOCTYPE log SYSTEM "logger.dtd">
<log>
<record>
  <date>2023-06-05T21:03:48.883-0300</date>
  <logger>LEVI DE LIMA PEREIRA JUNIOR</logger>
  <level>FINE</level>
  <message>File 121210472-LEVI DE LIMA PEREIRA JUNIOR.zip was received. It was sent by LEVI DE LIMA PEREIRA JUNIOR from IP 10.0.0.181 at 05-06-2023 21*03*48</message>
</record>
</log>
<?xml version="1.0" encoding="UTF-8" standalone="no"?>
<!DOCTYPE log SYSTEM "logger.dtd">
<log>
<record>
  <date>2023-06-06T15:35:00.981-0300</date>
  <logger>LEVI DE LIMA PEREIRA JUNIOR</logger>
  <level>FINE</level>
  <message>File 121210472-LEVI DE LIMA PEREIRA JUNIOR.zip was received. It was sent by LEVI DE LIMA PEREIRA JUNIOR from IP 10.0.0.181 at 06-06-2023 15*35*00</message>
</record>
</log>
<?xml version="1.0" encoding="UTF-8" standalone="no"?>
<!DOCTYPE log SYSTEM "logger.dtd">
<log>
<record>
  <date>2023-06-06T15:35:18.961-0300</date>
  <logger>LEVI DE LIMA PEREIRA JUNIOR</logger>
  <level>FINE</level>
  <message>File 121210472-LEVI DE LIMA PEREIRA JUNIOR.zip was received. It was sent by LEVI DE LIMA PEREIRA JUNIOR from IP 10.0.0.181 at 06-06-2023 15*35*18</message>
</record>
</log>
<?xml version="1.0" encoding="UTF-8" standalone="no"?>
<!DOCTYPE log SYSTEM "logger.dtd">
<log>
<record>
  <date>2023-06-06T22:10:27.534-0300</date>
  <logger>LEVI DE LIMA PEREIRA JUNIOR</logger>
  <level>FINE</level>
  <message>File 121210472-LEVI DE LIMA PEREIRA JUNIOR.zip was received. It was sent by LEVI DE LIMA PEREIRA JUNIOR from IP 10.0.0.181 at 06-06-2023 22*10*27</message>
</record>
</log>
<?xml version="1.0" encoding="UTF-8" standalone="no"?>
<!DOCTYPE log SYSTEM "logger.dtd">
<log>
<record>
  <date>2023-06-06T22:11:59.107-0300</date>
  <logger>LEVI DE LIMA PEREIRA JUNIOR</logger>
  <level>FINE</level>
  <message>File 121210472-LEVI DE LIMA PEREIRA JUNIOR.zip was received. It was sent by LEVI DE LIMA PEREIRA JUNIOR from IP 10.0.0.181 at 06-06-2023 22*11*54</message>
</record>
