<?xml version="1.0" encoding="UTF-8" standalone="no"?>
<!DOCTYPE log SYSTEM "logger.dtd">
<log>
<record>
  <date>2023-05-02T21:38:43.457-0300</date>
  <logger>LEVI DE LIMA PEREIRA JUNIOR</logger>
  <level>FINE</level>
  <message>File 121210472-LEVI DE LIMA PEREIRA JUNIOR.zip was received. It was sent by LEVI DE LIMA PEREIRA JUNIOR from IP 10.0.0.181 at 02-05-2023 21*38*43</message>
</record>
</log>
<?xml version="1.0" encoding="UTF-8" standalone="no"?>
<!DOCTYPE log SYSTEM "logger.dtd">
<log>
<record>
  <date>2023-05-02T21:39:04.052-0300</date>
  <logger>LEVI DE LIMA PEREIRA JUNIOR</logger>
  <level>FINE</level>
  <message>File 121210472-LEVI DE LIMA PEREIRA JUNIOR.zip was received. It was sent by LEVI DE LIMA PEREIRA JUNIOR from IP 10.0.0.181 at 02-05-2023 21*39*04</message>
</record>
</log>
<?xml version="1.0" encoding="UTF-8" standalone="no"?>
<!DOCTYPE log SYSTEM "logger.dtd">
<log>
<record>
  <date>2023-05-02T22:37:41.354-0300</date>
  <logger>LEVI DE LIMA PEREIRA JUNIOR</logger>
  <level>FINE</level>
  <message>File 121210472-LEVI DE LIMA PEREIRA JUNIOR.zip was received. It was sent by LEVI DE LIMA PEREIRA JUNIOR from IP 10.0.0.181 at 02-05-2023 22*37*41</message>
</record>
</log>
<?xml version="1.0" encoding="UTF-8" standalone="no"?>
<!DOCTYPE log SYSTEM "logger.dtd">
<log>
<record>
  <date>2023-05-02T22:38:12.348-0300</date>
  <logger>LEVI DE LIMA PEREIRA JUNIOR</logger>
  <level>FINE</level>
  <message>File 121210472-LEVI DE LIMA PEREIRA JUNIOR.zip was received. It was sent by LEVI DE LIMA PEREIRA JUNIOR from IP 10.0.0.181 at 02-05-2023 22*38*12</message>
</record>
</log>
<?xml version="1.0" encoding="UTF-8" standalone="no"?>
<!DOCTYPE log SYSTEM "logger.dtd">
<log>
<record>
  <date>2023-05-02T22:41:43.089-0300</date>
  <logger>LEVI DE LIMA PEREIRA JUNIOR</logger>
  <level>FINE</level>
  <message>File 121210472-LEVI DE LIMA PEREIRA JUNIOR.zip was received. It was sent by LEVI DE LIMA PEREIRA JUNIOR from IP 10.0.0.181 at 02-05-2023 22*41*43</message>
</record>
</log>
<?xml version="1.0" encoding="UTF-8" standalone="no"?>
<!DOCTYPE log SYSTEM "logger.dtd">
<log>
<record>
  <date>2023-05-02T22:44:47.725-0300</date>
  <logger>LEVI DE LIMA PEREIRA JUNIOR</logger>
  <level>FINE</level>
  <message>File 121210472-LEVI DE LIMA PEREIRA JUNIOR.zip was received. It was sent by LEVI DE LIMA PEREIRA JUNIOR from IP 10.0.0.181 at 02-05-2023 22*44*47</message>
</record>
