<?xml version="1.0" encoding="UTF-8" standalone="no"?>
<!DOCTYPE log SYSTEM "logger.dtd">
<log>
<record>
  <date>2023-04-25T17:01:30.110-0300</date>
  <logger>LEVI DE LIMA PEREIRA JUNIOR</logger>
  <level>FINE</level>
  <message>File 121210472-LEVI DE LIMA PEREIRA JUNIOR.zip was received. It was sent by LEVI DE LIMA PEREIRA JUNIOR from IP 10.0.0.181 at 25-04-2023 17*01*30</message>
</record>
</log>
<?xml version="1.0" encoding="UTF-8" standalone="no"?>
<!DOCTYPE log SYSTEM "logger.dtd">
<log>
<record>
  <date>2023-04-25T17:02:11.220-0300</date>
  <logger>LEVI DE LIMA PEREIRA JUNIOR</logger>
  <level>FINE</level>
  <message>File 121210472-LEVI DE LIMA PEREIRA JUNIOR.zip was received. It was sent by LEVI DE LIMA PEREIRA JUNIOR from IP 10.0.0.181 at 25-04-2023 17*02*11</message>
</record>
</log>
<?xml version="1.0" encoding="UTF-8" standalone="no"?>
<!DOCTYPE log SYSTEM "logger.dtd">
<log>
<record>
  <date>2023-04-25T17:11:55.064-0300</date>
  <logger>LEVI DE LIMA PEREIRA JUNIOR</logger>
  <level>FINE</level>
  <message>File 121210472-LEVI DE LIMA PEREIRA JUNIOR.zip was received. It was sent by LEVI DE LIMA PEREIRA JUNIOR from IP 10.0.0.181 at 25-04-2023 17*11*55</message>
</record>
</log>
<?xml version="1.0" encoding="UTF-8" standalone="no"?>
<!DOCTYPE log SYSTEM "logger.dtd">
<log>
<record>
  <date>2023-04-25T17:12:34.888-0300</date>
  <logger>LEVI DE LIMA PEREIRA JUNIOR</logger>
  <level>FINE</level>
  <message>File 121210472-LEVI DE LIMA PEREIRA JUNIOR.zip was received. It was sent by LEVI DE LIMA PEREIRA JUNIOR from IP 10.0.0.181 at 25-04-2023 17*12*34</message>
</record>
</log>
<?xml version="1.0" encoding="UTF-8" standalone="no"?>
<!DOCTYPE log SYSTEM "logger.dtd">
<log>
<record>
  <date>2023-04-25T23:42:16.972-0300</date>
  <logger>LEVI DE LIMA PEREIRA JUNIOR</logger>
  <level>FINE</level>
  <message>File 121210472-LEVI DE LIMA PEREIRA JUNIOR.zip was received. It was sent by LEVI DE LIMA PEREIRA JUNIOR from IP 10.0.0.181 at 25-04-2023 23*42*16</message>
</record>
</log>
<?xml version="1.0" encoding="UTF-8" standalone="no"?>
<!DOCTYPE log SYSTEM "logger.dtd">
<log>
<record>
  <date>2023-04-25T23:44:30.550-0300</date>
  <logger>LEVI DE LIMA PEREIRA JUNIOR</logger>
  <level>FINE</level>
  <message>File 121210472-LEVI DE LIMA PEREIRA JUNIOR.zip was received. It was sent by LEVI DE LIMA PEREIRA JUNIOR from IP 10.0.0.181 at 25-04-2023 23*44*30</message>
</record>
